This is pdfTeX, Version 3.1415926-2.4-1.40.13 (MiKTeX 2.9) (preloaded format=pdflatex 2013.12.13)  11 JUN 2015 14:40
entering extended mode
**inc2.tex
(C:\OneDrive\DOCUME~1\Papers\ssio-proposal\LOI\inc2.tex
LaTeX2e <2011/06/27>
Babel <v3.8m> and hyphenation patterns for english, afrikaans, ancientgreek, ar
abic, armenian, assamese, basque, bengali, bokmal, bulgarian, catalan, coptic, 
croatian, czech, danish, dutch, esperanto, estonian, farsi, finnish, french, ga
lician, german, german-x-2012-05-30, greek, gujarati, hindi, hungarian, iceland
ic, indonesian, interlingua, irish, italian, kannada, kurmanji, latin, latvian,
 lithuanian, malayalam, marathi, mongolian, mongolianlmc, monogreek, ngerman, n
german-x-2012-05-30, nynorsk, oriya, panjabi, pinyin, polish, portuguese, roman
ian, russian, sanskrit, serbian, slovak, slovenian, spanish, swedish, swissgerm
an, tamil, telugu, turkish, turkmen, ukenglish, ukrainian, uppersorbian, usengl
ishmax, welsh, loaded.
(e:\miktex\tex\latex\base\article.cls
Document Class: article 2007/10/19 v1.4h Standard LaTeX document class
(e:\miktex\tex\latex\base\size11.clo
File: size11.clo 2007/10/19 v1.4h Standard LaTeX file (size option)
)
\c@part=\count79
\c@section=\count80
\c@subsection=\count81
\c@subsubsection=\count82
\c@paragraph=\count83
\c@subparagraph=\count84
\c@figure=\count85
\c@table=\count86
\abovecaptionskip=\skip41
\belowcaptionskip=\skip42
\bibindent=\dimen102
)
(e:\miktex\tex\latex\graphics\graphicx.sty
Package: graphicx 1999/02/16 v1.0f Enhanced LaTeX Graphics (DPC,SPQR)

(e:\miktex\tex\latex\graphics\keyval.sty
Package: keyval 1999/03/16 v1.13 key=value parser (DPC)
\KV@toks@=\toks14
)
(e:\miktex\tex\latex\graphics\graphics.sty
Package: graphics 2009/02/05 v1.0o Standard LaTeX Graphics (DPC,SPQR)

(e:\miktex\tex\latex\graphics\trig.sty
Package: trig 1999/03/16 v1.09 sin cos tan (DPC)
)
(e:\miktex\tex\latex\00miktex\graphics.cfg
File: graphics.cfg 2007/01/18 v1.5 graphics configuration of teTeX/TeXLive
)
Package graphics Info: Driver file: pdftex.def on input line 91.

(e:\miktex\tex\latex\pdftex-def\pdftex.def
File: pdftex.def 2011/05/27 v0.06d Graphics/color for pdfTeX

(e:\miktex\tex\generic\oberdiek\infwarerr.sty
Package: infwarerr 2010/04/08 v1.3 Providing info/warning/error messages (HO)
)
(e:\miktex\tex\generic\oberdiek\ltxcmds.sty
Package: ltxcmds 2011/11/09 v1.22 LaTeX kernel commands for general use (HO)
)
\Gread@gobject=\count87
))
\Gin@req@height=\dimen103
\Gin@req@width=\dimen104
)
(e:\miktex\tex\latex\graphics\color.sty
Package: color 2005/11/14 v1.0j Standard LaTeX Color (DPC)
 (e:\miktex\tex\latex\00miktex\color.cfg
File: color.cfg 2007/01/18 v1.5 color configuration of teTeX/TeXLive
)
Package color Info: Driver file: pdftex.def on input line 130.
) (e:\miktex\tex\latex\ltxmisc\url.sty
\Urlmuskip=\muskip10
Package: url 2006/04/12  ver 3.3  Verb mode for urls, etc.
)
(e:\miktex\tex\latex\tools\tabularx.sty
Package: tabularx 1999/01/07 v2.07 `tabularx' package (DPC)
 (e:\miktex\tex\latex\tools\array.sty
Package: array 2008/09/09 v2.4c Tabular extension package (FMi)
\col@sep=\dimen105
\extrarowheight=\dimen106
\NC@list=\toks15
\extratabsurround=\skip43
\backup@length=\skip44
)
\TX@col@width=\dimen107
\TX@old@table=\dimen108
\TX@old@col=\dimen109
\TX@target=\dimen110
\TX@delta=\dimen111
\TX@cols=\count88
\TX@ftn=\toks16
)
(C:\Users\hbl\AppData\Roaming\MiKTeX\2.9\tex\latex\pgf\frontendlayer\tikz.sty
(C:\Users\hbl\AppData\Roaming\MiKTeX\2.9\tex\latex\pgf\basiclayer\pgf.sty
(C:\Users\hbl\AppData\Roaming\MiKTeX\2.9\tex\latex\pgf\utilities\pgfrcs.sty
(C:\Users\hbl\AppData\Roaming\MiKTeX\2.9\tex\generic\pgf\utilities\pgfutil-comm
on.tex
\pgfutil@everybye=\toks17
)
(C:\Users\hbl\AppData\Roaming\MiKTeX\2.9\tex\generic\pgf\utilities\pgfutil-late
x.def
\pgfutil@abb=\box26
 (C:\Users\hbl\AppData\Roaming\MiKTeX\2.9\tex\latex\ms\everyshi.sty
Package: everyshi 2001/05/15 v3.00 EveryShipout Package (MS)
))
(C:\Users\hbl\AppData\Roaming\MiKTeX\2.9\tex\generic\pgf\utilities\pgfrcs.code.
tex
Package: pgfrcs 2010/10/25 v2.10 (rcs-revision 1.24)
))
Package: pgf 2008/01/15 v2.10 (rcs-revision 1.12)

(C:\Users\hbl\AppData\Roaming\MiKTeX\2.9\tex\latex\pgf\basiclayer\pgfcore.sty
(C:\Users\hbl\AppData\Roaming\MiKTeX\2.9\tex\latex\pgf\systemlayer\pgfsys.sty
(C:\Users\hbl\AppData\Roaming\MiKTeX\2.9\tex\generic\pgf\systemlayer\pgfsys.cod
e.tex
Package: pgfsys 2010/06/30 v2.10 (rcs-revision 1.37)

(C:\Users\hbl\AppData\Roaming\MiKTeX\2.9\tex\generic\pgf\utilities\pgfkeys.code
.tex
\pgfkeys@pathtoks=\toks18
\pgfkeys@temptoks=\toks19

(C:\Users\hbl\AppData\Roaming\MiKTeX\2.9\tex\generic\pgf\utilities\pgfkeysfilte
red.code.tex
\pgfkeys@tmptoks=\toks20
))
\pgf@x=\dimen112
\pgf@y=\dimen113
\pgf@xa=\dimen114
\pgf@ya=\dimen115
\pgf@xb=\dimen116
\pgf@yb=\dimen117
\pgf@xc=\dimen118
\pgf@yc=\dimen119
\w@pgf@writea=\write3
\r@pgf@reada=\read1
\c@pgf@counta=\count89
\c@pgf@countb=\count90
\c@pgf@countc=\count91
\c@pgf@countd=\count92

(C:\Users\hbl\AppData\Roaming\MiKTeX\2.9\tex\generic\pgf\systemlayer\pgf.cfg
File: pgf.cfg 2008/05/14  (rcs-revision 1.7)
)
Package pgfsys Info: Driver file for pgf: pgfsys-pdftex.def on input line 900.

(C:\Users\hbl\AppData\Roaming\MiKTeX\2.9\tex\generic\pgf\systemlayer\pgfsys-pdf
tex.def
File: pgfsys-pdftex.def 2009/05/22  (rcs-revision 1.26)

(C:\Users\hbl\AppData\Roaming\MiKTeX\2.9\tex\generic\pgf\systemlayer\pgfsys-com
mon-pdf.def
File: pgfsys-common-pdf.def 2008/05/19  (rcs-revision 1.10)
)))
(C:\Users\hbl\AppData\Roaming\MiKTeX\2.9\tex\generic\pgf\systemlayer\pgfsyssoft
path.code.tex
File: pgfsyssoftpath.code.tex 2008/07/18  (rcs-revision 1.7)
\pgfsyssoftpath@smallbuffer@items=\count93
\pgfsyssoftpath@bigbuffer@items=\count94
)
(C:\Users\hbl\AppData\Roaming\MiKTeX\2.9\tex\generic\pgf\systemlayer\pgfsysprot
ocol.code.tex
File: pgfsysprotocol.code.tex 2006/10/16  (rcs-revision 1.4)
))
(C:\Users\hbl\AppData\Roaming\MiKTeX\2.9\tex\latex\xcolor\xcolor.sty
Package: xcolor 2007/01/21 v2.11 LaTeX color extensions (UK)

(e:\miktex\tex\latex\00miktex\color.cfg
File: color.cfg 2007/01/18 v1.5 color configuration of teTeX/TeXLive
)
Package xcolor Info: Driver file: pdftex.def on input line 225.
LaTeX Info: Redefining \color on input line 702.
Package xcolor Info: Model `cmy' substituted by `cmy0' on input line 1337.
Package xcolor Info: Model `hsb' substituted by `rgb' on input line 1341.
Package xcolor Info: Model `RGB' extended on input line 1353.
Package xcolor Info: Model `HTML' substituted by `rgb' on input line 1355.
Package xcolor Info: Model `Hsb' substituted by `hsb' on input line 1356.
Package xcolor Info: Model `tHsb' substituted by `hsb' on input line 1357.
Package xcolor Info: Model `HSB' substituted by `hsb' on input line 1358.
Package xcolor Info: Model `Gray' substituted by `gray' on input line 1359.
Package xcolor Info: Model `wave' substituted by `hsb' on input line 1360.
)
(C:\Users\hbl\AppData\Roaming\MiKTeX\2.9\tex\generic\pgf\basiclayer\pgfcore.cod
e.tex
Package: pgfcore 2010/04/11 v2.10 (rcs-revision 1.7)

(C:\Users\hbl\AppData\Roaming\MiKTeX\2.9\tex\generic\pgf\math\pgfmath.code.tex
(C:\Users\hbl\AppData\Roaming\MiKTeX\2.9\tex\generic\pgf\math\pgfmathcalc.code.
tex
(C:\Users\hbl\AppData\Roaming\MiKTeX\2.9\tex\generic\pgf\math\pgfmathutil.code.
tex)
(C:\Users\hbl\AppData\Roaming\MiKTeX\2.9\tex\generic\pgf\math\pgfmathparser.cod
e.tex
\pgfmath@dimen=\dimen120
\pgfmath@count=\count95
\pgfmath@box=\box27
\pgfmath@toks=\toks21
\pgfmath@stack@operand=\toks22
\pgfmath@stack@operation=\toks23
)
(C:\Users\hbl\AppData\Roaming\MiKTeX\2.9\tex\generic\pgf\math\pgfmathfunctions.
code.tex
(C:\Users\hbl\AppData\Roaming\MiKTeX\2.9\tex\generic\pgf\math\pgfmathfunctions.
basic.code.tex)
(C:\Users\hbl\AppData\Roaming\MiKTeX\2.9\tex\generic\pgf\math\pgfmathfunctions.
trigonometric.code.tex)
(C:\Users\hbl\AppData\Roaming\MiKTeX\2.9\tex\generic\pgf\math\pgfmathfunctions.
random.code.tex)
(C:\Users\hbl\AppData\Roaming\MiKTeX\2.9\tex\generic\pgf\math\pgfmathfunctions.
comparison.code.tex)
(C:\Users\hbl\AppData\Roaming\MiKTeX\2.9\tex\generic\pgf\math\pgfmathfunctions.
base.code.tex)
(C:\Users\hbl\AppData\Roaming\MiKTeX\2.9\tex\generic\pgf\math\pgfmathfunctions.
round.code.tex)
(C:\Users\hbl\AppData\Roaming\MiKTeX\2.9\tex\generic\pgf\math\pgfmathfunctions.
misc.code.tex)))
(C:\Users\hbl\AppData\Roaming\MiKTeX\2.9\tex\generic\pgf\math\pgfmathfloat.code
.tex
\c@pgfmathroundto@lastzeros=\count96
))
(C:\Users\hbl\AppData\Roaming\MiKTeX\2.9\tex\generic\pgf\basiclayer\pgfcorepoin
ts.code.tex
File: pgfcorepoints.code.tex 2010/04/09  (rcs-revision 1.20)
\pgf@picminx=\dimen121
\pgf@picmaxx=\dimen122
\pgf@picminy=\dimen123
\pgf@picmaxy=\dimen124
\pgf@pathminx=\dimen125
\pgf@pathmaxx=\dimen126
\pgf@pathminy=\dimen127
\pgf@pathmaxy=\dimen128
\pgf@xx=\dimen129
\pgf@xy=\dimen130
\pgf@yx=\dimen131
\pgf@yy=\dimen132
\pgf@zx=\dimen133
\pgf@zy=\dimen134
)
(C:\Users\hbl\AppData\Roaming\MiKTeX\2.9\tex\generic\pgf\basiclayer\pgfcorepath
construct.code.tex
File: pgfcorepathconstruct.code.tex 2010/08/03  (rcs-revision 1.24)
\pgf@path@lastx=\dimen135
\pgf@path@lasty=\dimen136
)
(C:\Users\hbl\AppData\Roaming\MiKTeX\2.9\tex\generic\pgf\basiclayer\pgfcorepath
usage.code.tex
File: pgfcorepathusage.code.tex 2008/04/22  (rcs-revision 1.12)
\pgf@shorten@end@additional=\dimen137
\pgf@shorten@start@additional=\dimen138
)
(C:\Users\hbl\AppData\Roaming\MiKTeX\2.9\tex\generic\pgf\basiclayer\pgfcorescop
es.code.tex
File: pgfcorescopes.code.tex 2010/09/08  (rcs-revision 1.34)
\pgfpic=\box28
\pgf@hbox=\box29
\pgf@layerbox@main=\box30
\pgf@picture@serial@count=\count97
)
(C:\Users\hbl\AppData\Roaming\MiKTeX\2.9\tex\generic\pgf\basiclayer\pgfcoregrap
hicstate.code.tex
File: pgfcoregraphicstate.code.tex 2008/04/22  (rcs-revision 1.9)
\pgflinewidth=\dimen139
)
(C:\Users\hbl\AppData\Roaming\MiKTeX\2.9\tex\generic\pgf\basiclayer\pgfcoretran
sformations.code.tex
File: pgfcoretransformations.code.tex 2009/06/10  (rcs-revision 1.11)
\pgf@pt@x=\dimen140
\pgf@pt@y=\dimen141
\pgf@pt@temp=\dimen142
)
(C:\Users\hbl\AppData\Roaming\MiKTeX\2.9\tex\generic\pgf\basiclayer\pgfcorequic
k.code.tex
File: pgfcorequick.code.tex 2008/10/09  (rcs-revision 1.3)
)
(C:\Users\hbl\AppData\Roaming\MiKTeX\2.9\tex\generic\pgf\basiclayer\pgfcoreobje
cts.code.tex
File: pgfcoreobjects.code.tex 2006/10/11  (rcs-revision 1.2)
)
(C:\Users\hbl\AppData\Roaming\MiKTeX\2.9\tex\generic\pgf\basiclayer\pgfcorepath
processing.code.tex
File: pgfcorepathprocessing.code.tex 2008/10/09  (rcs-revision 1.8)
)
(C:\Users\hbl\AppData\Roaming\MiKTeX\2.9\tex\generic\pgf\basiclayer\pgfcorearro
ws.code.tex
File: pgfcorearrows.code.tex 2008/04/23  (rcs-revision 1.11)
)
(C:\Users\hbl\AppData\Roaming\MiKTeX\2.9\tex\generic\pgf\basiclayer\pgfcoreshad
e.code.tex
File: pgfcoreshade.code.tex 2008/11/23  (rcs-revision 1.13)
\pgf@max=\dimen143
\pgf@sys@shading@range@num=\count98
)
(C:\Users\hbl\AppData\Roaming\MiKTeX\2.9\tex\generic\pgf\basiclayer\pgfcoreimag
e.code.tex
File: pgfcoreimage.code.tex 2010/03/25  (rcs-revision 1.16)

(C:\Users\hbl\AppData\Roaming\MiKTeX\2.9\tex\generic\pgf\basiclayer\pgfcoreexte
rnal.code.tex
File: pgfcoreexternal.code.tex 2010/09/01  (rcs-revision 1.17)
\pgfexternal@startupbox=\box31
))
(C:\Users\hbl\AppData\Roaming\MiKTeX\2.9\tex\generic\pgf\basiclayer\pgfcorelaye
rs.code.tex
File: pgfcorelayers.code.tex 2010/08/27  (rcs-revision 1.2)
)
(C:\Users\hbl\AppData\Roaming\MiKTeX\2.9\tex\generic\pgf\basiclayer\pgfcoretran
sparency.code.tex
File: pgfcoretransparency.code.tex 2008/01/17  (rcs-revision 1.2)
)
(C:\Users\hbl\AppData\Roaming\MiKTeX\2.9\tex\generic\pgf\basiclayer\pgfcorepatt
erns.code.tex
File: pgfcorepatterns.code.tex 2009/07/02  (rcs-revision 1.3)
)))
(C:\Users\hbl\AppData\Roaming\MiKTeX\2.9\tex\generic\pgf\modules\pgfmoduleshape
s.code.tex
File: pgfmoduleshapes.code.tex 2010/09/09  (rcs-revision 1.13)
\pgfnodeparttextbox=\box32
)
(C:\Users\hbl\AppData\Roaming\MiKTeX\2.9\tex\generic\pgf\modules\pgfmoduleplot.
code.tex
File: pgfmoduleplot.code.tex 2010/10/22  (rcs-revision 1.8)
)
(C:\Users\hbl\AppData\Roaming\MiKTeX\2.9\tex\latex\pgf\compatibility\pgfcomp-ve
rsion-0-65.sty
Package: pgfcomp-version-0-65 2007/07/03 v2.10 (rcs-revision 1.7)
\pgf@nodesepstart=\dimen144
\pgf@nodesepend=\dimen145
)
(C:\Users\hbl\AppData\Roaming\MiKTeX\2.9\tex\latex\pgf\compatibility\pgfcomp-ve
rsion-1-18.sty
Package: pgfcomp-version-1-18 2007/07/23 v2.10 (rcs-revision 1.1)
))
(C:\Users\hbl\AppData\Roaming\MiKTeX\2.9\tex\latex\pgf\utilities\pgffor.sty
(C:\Users\hbl\AppData\Roaming\MiKTeX\2.9\tex\latex\pgf\utilities\pgfkeys.sty
(C:\Users\hbl\AppData\Roaming\MiKTeX\2.9\tex\generic\pgf\utilities\pgfkeys.code
.tex))
(C:\Users\hbl\AppData\Roaming\MiKTeX\2.9\tex\generic\pgf\utilities\pgffor.code.
tex
Package: pgffor 2010/03/23 v2.10 (rcs-revision 1.18)
\pgffor@iter=\dimen146
\pgffor@skip=\dimen147
\pgffor@stack=\toks24
\pgffor@toks=\toks25
))
(C:\Users\hbl\AppData\Roaming\MiKTeX\2.9\tex\generic\pgf\frontendlayer\tikz\tik
z.code.tex
Package: tikz 2010/10/13 v2.10 (rcs-revision 1.76)

(C:\Users\hbl\AppData\Roaming\MiKTeX\2.9\tex\generic\pgf\libraries\pgflibrarypl
othandlers.code.tex
File: pgflibraryplothandlers.code.tex 2010/05/31 v2.10 (rcs-revision 1.15)
\pgf@plot@mark@count=\count99
\pgfplotmarksize=\dimen148
)
\tikz@lastx=\dimen149
\tikz@lasty=\dimen150
\tikz@lastxsaved=\dimen151
\tikz@lastysaved=\dimen152
\tikzleveldistance=\dimen153
\tikzsiblingdistance=\dimen154
\tikz@figbox=\box33
\tikz@tempbox=\box34
\tikztreelevel=\count100
\tikznumberofchildren=\count101
\tikznumberofcurrentchild=\count102
\tikz@fig@count=\count103

(C:\Users\hbl\AppData\Roaming\MiKTeX\2.9\tex\generic\pgf\modules\pgfmodulematri
x.code.tex
File: pgfmodulematrix.code.tex 2010/08/24  (rcs-revision 1.4)
\pgfmatrixcurrentrow=\count104
\pgfmatrixcurrentcolumn=\count105
\pgf@matrix@numberofcolumns=\count106
)
\tikz@expandcount=\count107

(C:\Users\hbl\AppData\Roaming\MiKTeX\2.9\tex\generic\pgf\frontendlayer\tikz\lib
raries\tikzlibrarytopaths.code.tex
File: tikzlibrarytopaths.code.tex 2008/06/17 v2.10 (rcs-revision 1.2)
))) (e:\miktex\tex\latex\amsmath\amsmath.sty
Package: amsmath 2013/01/14 v2.14 AMS math features
\@mathmargin=\skip45

For additional information on amsmath, use the `?' option.
(e:\miktex\tex\latex\amsmath\amstext.sty
Package: amstext 2000/06/29 v2.01

(e:\miktex\tex\latex\amsmath\amsgen.sty
File: amsgen.sty 1999/11/30 v2.0
\@emptytoks=\toks26
\ex@=\dimen155
))
(e:\miktex\tex\latex\amsmath\amsbsy.sty
Package: amsbsy 1999/11/29 v1.2d
\pmbraise@=\dimen156
)
(e:\miktex\tex\latex\amsmath\amsopn.sty
Package: amsopn 1999/12/14 v2.01 operator names
)
\inf@bad=\count108
LaTeX Info: Redefining \frac on input line 210.
\uproot@=\count109
\leftroot@=\count110
LaTeX Info: Redefining \overline on input line 306.
\classnum@=\count111
\DOTSCASE@=\count112
LaTeX Info: Redefining \ldots on input line 378.
LaTeX Info: Redefining \dots on input line 381.
LaTeX Info: Redefining \cdots on input line 466.
\Mathstrutbox@=\box35
\strutbox@=\box36
\big@size=\dimen157
LaTeX Font Info:    Redeclaring font encoding OML on input line 566.
LaTeX Font Info:    Redeclaring font encoding OMS on input line 567.
\macc@depth=\count113
\c@MaxMatrixCols=\count114
\dotsspace@=\muskip11
\c@parentequation=\count115
\dspbrk@lvl=\count116
\tag@help=\toks27
\row@=\count117
\column@=\count118
\maxfields@=\count119
\andhelp@=\toks28
\eqnshift@=\dimen158
\alignsep@=\dimen159
\tagshift@=\dimen160
\tagwidth@=\dimen161
\totwidth@=\dimen162
\lineht@=\dimen163
\@envbody=\toks29
\multlinegap=\skip46
\multlinetaggap=\skip47
\mathdisplay@stack=\toks30
LaTeX Info: Redefining \[ on input line 2665.
LaTeX Info: Redefining \] on input line 2666.
)
(e:\miktex\tex\latex\amsfonts\amsfonts.sty
Package: amsfonts 2013/01/14 v3.01 Basic AMSFonts support
\symAMSa=\mathgroup4
\symAMSb=\mathgroup5
LaTeX Font Info:    Overwriting math alphabet `\mathfrak' in version `bold'
(Font)                  U/euf/m/n --> U/euf/b/n on input line 106.
)
(e:\miktex\tex\latex\tools\verbatim.sty
Package: verbatim 2003/08/22 v1.5q LaTeX2e package for verbatim enhancements
\every@verbatim=\toks31
\verbatim@line=\toks32
\verbatim@in@stream=\read2
)
(e:\miktex\tex\latex\multirow\multirow.sty
\bigstrutjot=\dimen164
)
(C:\Users\hbl\AppData\Roaming\MiKTeX\2.9\tex\latex\subfigure\subfigure.sty
Package: subfigure 2002/07/30 v2.1.4 subfigure package
\subfigtopskip=\skip48
\subfigcapskip=\skip49
\subfigcaptopadj=\dimen165
\subfigbottomskip=\skip50
\subfigcapmargin=\dimen166
\subfiglabelskip=\skip51
\c@subfigure=\count120
\c@lofdepth=\count121
\c@subtable=\count122
\c@lotdepth=\count123

****************************************
* Local config file subfigure.cfg used *
****************************************
(C:\Users\hbl\AppData\Roaming\MiKTeX\2.9\tex\latex\subfigure\subfigure.cfg)
\subfig@top=\skip52
\subfig@bottom=\skip53
)
(C:\Users\hbl\AppData\Roaming\MiKTeX\2.9\tex\latex\pdfpages\pdfpages.sty
Package: pdfpages 2013/08/25 v0.4v Insert pages of external PDF documents (AM)

(e:\miktex\tex\latex\base\ifthen.sty
Package: ifthen 2001/05/26 v1.1c Standard LaTeX ifthen package (DPC)
) (e:\miktex\tex\latex\tools\calc.sty
Package: calc 2007/08/22 v4.3 Infix arithmetic (KKT,FJ)
\calc@Acount=\count124
\calc@Bcount=\count125
\calc@Adimen=\dimen167
\calc@Bdimen=\dimen168
\calc@Askip=\skip54
\calc@Bskip=\skip55
LaTeX Info: Redefining \setlength on input line 76.
LaTeX Info: Redefining \addtolength on input line 77.
\calc@Ccount=\count126
\calc@Cskip=\skip56
)
(C:\Users\hbl\AppData\Roaming\MiKTeX\2.9\tex\latex\eso-pic\eso-pic.sty
Package: eso-pic 2013/10/06 v2.0d eso-pic (RN)

(e:\miktex\tex\generic\oberdiek\atbegshi.sty
Package: atbegshi 2011/10/05 v1.16 At begin shipout hook (HO)

(e:\miktex\tex\generic\oberdiek\ifpdf.sty
Package: ifpdf 2011/01/30 v2.3 Provides the ifpdf switch (HO)
Package ifpdf Info: pdfTeX in PDF mode is detected.
)))
(C:\Users\hbl\AppData\Roaming\MiKTeX\2.9\tex\latex\pdfpages\pppdftex.def
File: pppdftex.def 2013/08/25 v0.4v Pdfpages driver for pdfTeX (AM)
)
\AM@pagebox=\box37
\AM@toc@title=\toks33
\c@AM@survey=\count127
\AM@templatesizebox=\box38
)
(C:\OneDrive\DOCUME~1\Papers\ssio-proposal\LOI\inc2.aux)
LaTeX Font Info:    Checking defaults for OML/cmm/m/it on input line 97.
LaTeX Font Info:    ... okay on input line 97.
LaTeX Font Info:    Checking defaults for T1/cmr/m/n on input line 97.
LaTeX Font Info:    ... okay on input line 97.
LaTeX Font Info:    Checking defaults for OT1/cmr/m/n on input line 97.
LaTeX Font Info:    ... okay on input line 97.
LaTeX Font Info:    Checking defaults for OMS/cmsy/m/n on input line 97.
LaTeX Font Info:    ... okay on input line 97.
LaTeX Font Info:    Checking defaults for OMX/cmex/m/n on input line 97.
LaTeX Font Info:    ... okay on input line 97.
LaTeX Font Info:    Checking defaults for U/cmr/m/n on input line 97.
LaTeX Font Info:    ... okay on input line 97.

(C:\Users\hbl\AppData\Roaming\MiKTeX\2.9\tex\context\base\supp-pdf.mkii
[Loading MPS to PDF converter (version 2006.09.02).]
\scratchcounter=\count128
\scratchdimen=\dimen169
\scratchbox=\box39
\nofMPsegments=\count129
\nofMParguments=\count130
\everyMPshowfont=\toks34
\MPscratchCnt=\count131
\MPscratchDim=\dimen170
\MPnumerator=\count132
\makeMPintoPDFobject=\count133
\everyMPtoPDFconversion=\toks35
) ABD: EveryShipout initializing macros
\AtBeginShipoutBox=\box40
LaTeX Font Info:    Try loading font information for U+msa on input line 217.
 (e:\miktex\tex\latex\amsfonts\umsa.fd
File: umsa.fd 2013/01/14 v3.01 AMS symbols A
)
LaTeX Font Info:    Try loading font information for U+msb on input line 217.

(e:\miktex\tex\latex\amsfonts\umsb.fd
File: umsb.fd 2013/01/14 v3.01 AMS symbols B
) [1

{C:/Users/hbl/AppData/Local/MiKTeX/2.9/pdftex/config/pdftex.map}] <COI/COI-all.
pdf, id=10, 614.295pt x 794.97pt>
File: COI/COI-all.pdf Graphic file (type pdf)

<use COI/COI-all.pdf>
Package pdftex.def Info: COI/COI-all.pdf used on input line 517.
(pdftex.def)             Requested size: 614.29349pt x 794.96806pt.
File: COI/COI-all.pdf Graphic file (type pdf)
 <use COI/COI-all.pdf>
Package pdftex.def Info: COI/COI-all.pdf used on input line 517.
(pdftex.def)             Requested size: 614.29349pt x 794.96806pt.
 [2]
<COI/COI-all.pdf, id=16, page=1, 614.295pt x 794.97pt>
File: COI/COI-all.pdf Graphic file (type pdf)

<use COI/COI-all.pdf, page 1>
Package pdftex.def Info: COI/COI-all.pdf, page1 used on input line 517.
(pdftex.def)             Requested size: 614.29349pt x 794.96806pt.
File: COI/COI-all.pdf Graphic file (type pdf)
 <use COI/COI-all.pdf, page 1>
Package pdftex.def Info: COI/COI-all.pdf, page1 used on input line 517.
(pdftex.def)             Requested size: 614.58406pt x 795.3441pt.
File: COI/COI-all.pdf Graphic file (type pdf)

<use COI/COI-all.pdf, page 1>
Package pdftex.def Info: COI/COI-all.pdf, page1 used on input line 517.
(pdftex.def)             Requested size: 614.58406pt x 795.3441pt.
File: COI/COI-all.pdf Graphic file (type pdf)
 <use COI/COI-all.pdf, page 1>
Package pdftex.def Info: COI/COI-all.pdf, page1 used on input line 517.
(pdftex.def)             Requested size: 614.58406pt x 795.3441pt.
File: COI/COI-all.pdf Graphic file (type pdf)

<use COI/COI-all.pdf, page 1>
Package pdftex.def Info: COI/COI-all.pdf, page1 used on input line 517.
(pdftex.def)             Requested size: 614.58406pt x 795.3441pt.
 [3 <C:/OneDrive/DOCUME~1/Papers/ssio-proposal/LOI/COI/COI-all.pdf>] <COI/COI-a
ll.pdf, id=30, page=2, 614.295pt x 794.97pt>
File: COI/COI-all.pdf Graphic file (type pdf)

<use COI/COI-all.pdf, page 2>
Package pdftex.def Info: COI/COI-all.pdf, page2 used on input line 517.
(pdftex.def)             Requested size: 614.58406pt x 795.3441pt.
File: COI/COI-all.pdf Graphic file (type pdf)
 <use COI/COI-all.pdf, page 2>
Package pdftex.def Info: COI/COI-all.pdf, page2 used on input line 517.
(pdftex.def)             Requested size: 614.58406pt x 795.3441pt.
File: COI/COI-all.pdf Graphic file (type pdf)

<use COI/COI-all.pdf, page 2>
Package pdftex.def Info: COI/COI-all.pdf, page2 used on input line 517.
(pdftex.def)             Requested size: 614.58406pt x 795.3441pt.
 [4 <C:/OneDrive/DOCUME~1/Papers/ssio-proposal/LOI/COI/COI-all.pdf>] <COI/COI-a
ll.pdf, id=35, page=3, 614.295pt x 794.97pt>
File: COI/COI-all.pdf Graphic file (type pdf)

<use COI/COI-all.pdf, page 3>
Package pdftex.def Info: COI/COI-all.pdf, page3 used on input line 517.
(pdftex.def)             Requested size: 614.58406pt x 795.3441pt.
File: COI/COI-all.pdf Graphic file (type pdf)
 <use COI/COI-all.pdf, page 3>
Package pdftex.def Info: COI/COI-all.pdf, page3 used on input line 517.
(pdftex.def)             Requested size: 614.58406pt x 795.3441pt.
File: COI/COI-all.pdf Graphic file (type pdf)

<use COI/COI-all.pdf, page 3>
Package pdftex.def Info: COI/COI-all.pdf, page3 used on input line 517.
(pdftex.def)             Requested size: 614.58406pt x 795.3441pt.
 [5 <C:/OneDrive/DOCUME~1/Papers/ssio-proposal/LOI/COI/COI-all.pdf>] (C:\OneDri
ve\DOCUME~1\Papers\ssio-proposal\LOI\inc2.aux) ) 
Here is how much of TeX's memory you used:
 11222 strings out of 493921
 206703 string characters out of 3154505
 259605 words of memory out of 3000000
 14282 multiletter control sequences out of 15000+200000
 8596 words of font info for 33 fonts, out of 3000000 for 9000
 841 hyphenation exceptions out of 8191
 56i,18n,55p,395b,414s stack positions out of 5000i,500n,10000p,200000b,50000s
<e:/miktex/fonts/type1/public/a
msfonts/cm/cmbx10.pfb><e:/miktex/fonts/type1/public/amsfonts/cm/cmr10.pfb>
Output written on inc2.pdf (5 pages, 71323 bytes).
PDF statistics:
 47 PDF objects out of 1000 (max. 8388607)
 0 named destinations out of 1000 (max. 500000)
 43 words of extra memory for PDF output out of 10000 (max. 10000000)

